<?xml version="1.0" encoding="UTF-8"?>
<testsuite xmlns:xsi="http://www.w3.org/2001/XMLSchema-instance" xsi:noNamespaceSchemaLocation="https://maven.apache.org/surefire/maven-surefire-plugin/xsd/surefire-test-report.xsd" name="com.Capstone.Backend.TestController.TestController" time="1.305" tests="6" errors="0" skipped="0" failures="0">
  <properties>
[...]
</properties>
  <testcase name="testDeleteSurvey" classname="com.Capstone.Backend.TestController.TestController" time="0.102"/>
  <testcase name="testDoRegistration" classname="com.Capstone.Backend.TestController.TestController" time="0.122"/>
  <testcase name="testShowHome" classname="com.Capstone.Backend.TestController.TestController" time="0.008"/>
  <testcase name="testGetSurveyById" classname="com.Capstone.Backend.TestController.TestController" time="0.031"/>
  <testcase name="testGetAllSurveyList" classname="com.Capstone.Backend.TestController.TestController" time="0.044"/>
  <testcase name="testDoLogin" classname="com.Capstone.Backend.TestController.TestController" time="0.004"/>
</testsuite>